c:\users\sareindra\desktop\linked_list_tp062019_tp061914_tp062153\x64\debug\vc143.pdb
c:\users\sareindra\desktop\linked_list_tp062019_tp061914_tp062153\x64\debug\vc143.idb
c:\users\sareindra\desktop\linked_list_tp062019_tp061914_tp062153\x64\debug\sortmenu.obj
c:\users\sareindra\desktop\linked_list_tp062019_tp061914_tp062153\x64\debug\sortid.obj
c:\users\sareindra\desktop\linked_list_tp062019_tp061914_tp062153\x64\debug\sorthourlyrate.obj
c:\users\sareindra\desktop\linked_list_tp062019_tp061914_tp062153\x64\debug\searchrating.obj
c:\users\sareindra\desktop\linked_list_tp062019_tp061914_tp062153\x64\debug\searchmenu.obj
c:\users\sareindra\desktop\linked_list_tp062019_tp061914_tp062153\x64\debug\searchid.obj
c:\users\sareindra\desktop\linked_list_tp062019_tp061914_tp062153\x64\debug\searchcentre.obj
c:\users\sareindra\desktop\linked_list_tp062019_tp061914_tp062153\x64\debug\modifytutor.obj
c:\users\sareindra\desktop\linked_list_tp062019_tp061914_tp062153\x64\debug\main.obj
c:\users\sareindra\desktop\linked_list_tp062019_tp061914_tp062153\x64\debug\login.obj
c:\users\sareindra\desktop\linked_list_tp062019_tp061914_tp062153\x64\debug\insertintolinkedlist.obj
c:\users\sareindra\desktop\linked_list_tp062019_tp061914_tp062153\x64\debug\hrmainmenu.obj
c:\users\sareindra\desktop\linked_list_tp062019_tp061914_tp062153\x64\debug\displaymenu.obj
c:\users\sareindra\desktop\linked_list_tp062019_tp061914_tp062153\x64\debug\displayindv.obj
c:\users\sareindra\desktop\linked_list_tp062019_tp061914_tp062153\x64\debug\displayall.obj
c:\users\sareindra\desktop\linked_list_tp062019_tp061914_tp062153\x64\debug\deletetutor.obj
c:\users\sareindra\desktop\linked_list_tp062019_tp061914_tp062153\x64\debug\createnewnode.obj
c:\users\sareindra\desktop\linked_list_tp062019_tp061914_tp062153\x64\debug\adminmainmenu.obj
c:\users\sareindra\desktop\linked_list_tp062019_tp061914_tp062153\x64\debug\addrecord.obj
c:\users\sareindra\desktop\linked_list_tp062019_tp061914_tp062153\x64\debug\addmenu.obj
c:\users\sareindra\desktop\linked_list_tp062019_tp061914_tp062153\x64\debug\sortrating.obj
c:\users\sareindra\desktop\linked_list_tp062019_tp061914_tp062153\x64\debug\linked_list_tp062019_tp061914_tp062153.exe
c:\users\sareindra\desktop\linked_list_tp062019_tp061914_tp062153\x64\debug\linked_list_tp062019_tp061914_tp062153.ilk
c:\users\sareindra\desktop\linked_list_tp062019_tp061914_tp062153\x64\debug\linked_list_tp062019_tp061914_tp062153.pdb
c:\users\sareindra\desktop\linked_list_tp062019_tp061914_tp062153\x64\debug\linked_l.55650962.tlog\cl.command.1.tlog
c:\users\sareindra\desktop\linked_list_tp062019_tp061914_tp062153\x64\debug\linked_l.55650962.tlog\cl.read.1.tlog
c:\users\sareindra\desktop\linked_list_tp062019_tp061914_tp062153\x64\debug\linked_l.55650962.tlog\cl.write.1.tlog
c:\users\sareindra\desktop\linked_list_tp062019_tp061914_tp062153\x64\debug\linked_l.55650962.tlog\link.command.1.tlog
c:\users\sareindra\desktop\linked_list_tp062019_tp061914_tp062153\x64\debug\linked_l.55650962.tlog\link.read.1.tlog
c:\users\sareindra\desktop\linked_list_tp062019_tp061914_tp062153\x64\debug\linked_l.55650962.tlog\link.write.1.tlog
