  addRecord.cpp
  adminMainMenu.cpp
  deleteAfterTerm.cpp
  deleteTutor.cpp
  displayAll.cpp
  displayIndv.cpp
  displayMenu.cpp
  hrMainMenu.cpp
  InsertIntoArray.cpp
  login.cpp
  modifyTutor.cpp
  searchCentre.cpp
  searchID.cpp
  searchMenu.cpp
  searchRating.cpp
  sortHourlyRate.cpp
  sortID.cpp
  sortMenu.cpp
  sortRating.cpp
  Generating Code...
  main.cpp
  LINK : D:\ONEDRIVE\OneDrive - Asia Pacific University\APU\CT077-3-2-DSTR\Assignment\G9_Linked_List_TP062019_TP061914_TP062153\x64\Debug\Array_TP062019_TP061914_TP062153.exe not found or not built by the last incremental link; performing full link
  Array_TP062019_TP061914_TP062153.vcxproj -> D:\ONEDRIVE\OneDrive - Asia Pacific University\APU\CT077-3-2-DSTR\Assignment\G9_Linked_List_TP062019_TP061914_TP062153\x64\Debug\Array_TP062019_TP061914_TP062153.exe
